<?xml version="1.0" encoding="UTF-8"?>
<!-- Generated by org.testng.reporters.JUnitReportReporter -->
<testsuite hostname="DESKTOP-KEL28PC" failures="0" tests="1" name="tests.CreateNewProfileWithOutMandatoryFieldsTest" time="6.181" errors="0" timestamp="2021-11-27T17:31:26 CET" skipped="0">
  <testcase classname="tests.CreateNewProfileWithOutMandatoryFieldsTest" name="createNewProfileWithOutMandatoryFields" time="6.181"/>
  <system-out/>
</testsuite> <!-- tests.CreateNewProfileWithOutMandatoryFieldsTest -->
