<?xml version="1.0" encoding="UTF-8"?>
<!-- Generated by org.testng.reporters.JUnitReportReporter -->
<testsuite hostname="DESKTOP-KEL28PC" failures="0" tests="1" name="tests.DeleteProfileTest" time="41.412" errors="0" timestamp="2021-11-25T19:44:40 CET" skipped="0">
  <testcase classname="tests.DeleteProfileTest" name="deleteProfile" time="41.412"/>
  <system-out/>
</testsuite> <!-- tests.DeleteProfileTest -->
