<?xml version="1.0" encoding="UTF-8"?>
<!-- Generated by org.testng.reporters.JUnitReportReporter -->
<testsuite hostname="DESKTOP-KEL28PC" failures="0" tests="1" name="tests.CreateNewProfileWithOutAvatarTest" time="6.284" errors="0" timestamp="2021-11-27T17:21:35 CET" skipped="0">
  <testcase classname="tests.CreateNewProfileWithOutAvatarTest" name="createNewProfileWithOutAvatar" time="6.284"/>
  <system-out/>
</testsuite> <!-- tests.CreateNewProfileWithOutAvatarTest -->
