<?xml version="1.0" encoding="UTF-8"?>
<!-- Generated by org.testng.reporters.JUnitReportReporter -->
<testsuite hostname="DESKTOP-KEL28PC" failures="0" tests="1" name="tests.CreateNewProfileMaximumProfilesIsReachedTest" time="11.689" errors="0" timestamp="2021-11-27T19:22:07 CET" skipped="0">
  <testcase classname="tests.CreateNewProfileMaximumProfilesIsReachedTest" name="createNewProfileMaximumProfilesIsReached" time="11.689"/>
  <system-out/>
</testsuite> <!-- tests.CreateNewProfileMaximumProfilesIsReachedTest -->
