<?xml version="1.0" encoding="UTF-8"?>
<!-- Generated by org.testng.reporters.JUnitReportReporter -->
<testsuite hostname="DESKTOP-KEL28PC" failures="0" tests="1" name="tests.CreateNewProfileWithAgeRange18PlusTest" time="10.404" errors="0" timestamp="2021-11-25T17:01:05 CET" skipped="0">
  <testcase classname="tests.CreateNewProfileWithAgeRange18PlusTest" name="createNewProfileWithAgeRange18Plus" time="10.404"/>
  <system-out/>
</testsuite> <!-- tests.CreateNewProfileWithAgeRange18PlusTest -->
