<?xml version="1.0" encoding="UTF-8"?>
<!-- Generated by org.testng.reporters.JUnitReportReporter -->
<testsuite hostname="DESKTOP-KEL28PC" failures="0" tests="1" name="tests.CreateNewProfileWithLowerCaseNameTest" time="10.463" errors="0" timestamp="2021-11-25T16:40:52 CET" skipped="0">
  <testcase classname="tests.CreateNewProfileWithLowerCaseNameTest" name="createNewProfileWithLowerCaseName" time="10.463"/>
  <system-out/>
</testsuite> <!-- tests.CreateNewProfileWithLowerCaseNameTest -->
