<?xml version="1.0" encoding="UTF-8"?>
<!-- Generated by org.testng.reporters.JUnitReportReporter -->
<testsuite hostname="DESKTOP-KEL28PC" failures="0" tests="1" name="tests.CreateNewProfileWithAgeRangeFrom7To11Test" time="11.892" errors="0" timestamp="2021-11-25T16:50:19 CET" skipped="0">
  <testcase classname="tests.CreateNewProfileWithAgeRangeFrom7To11Test" name="createNewProfileWithAgeRangeFrom7To11" time="11.892"/>
  <system-out/>
</testsuite> <!-- tests.CreateNewProfileWithAgeRangeFrom7To11Test -->
