<?xml version="1.0" encoding="UTF-8"?>
<!-- Generated by org.testng.reporters.JUnitReportReporter -->
<testsuite hostname="DESKTOP-KEL28PC" failures="0" tests="1" name="tests.CreateNewProfileWithOutNameTest" time="5.608" errors="0" timestamp="2021-11-27T17:03:47 CET" skipped="0">
  <testcase classname="tests.CreateNewProfileWithOutNameTest" name="createNewProfileWithOutName" time="5.608"/>
  <system-out/>
</testsuite> <!-- tests.CreateNewProfileWithOutNameTest -->
