<?xml version="1.0" encoding="UTF-8"?>
<!-- Generated by org.testng.reporters.JUnitReportReporter -->
<testsuite hostname="DESKTOP-KEL28PC" failures="0" tests="1" name="tests.CreateNewProfileWithAgeRangeFrom0To6Test" time="12.705" errors="0" timestamp="2021-11-25T17:27:08 CET" skipped="0">
  <testcase classname="tests.CreateNewProfileWithAgeRangeFrom0To6Test" name="createNewProfileWithAgeRangeFrom0To6" time="12.705"/>
  <system-out/>
</testsuite> <!-- tests.CreateNewProfileWithAgeRangeFrom0To6Test -->
