<?xml version="1.0" encoding="UTF-8"?>
<!-- Generated by org.testng.reporters.JUnitReportReporter -->
<testsuite hostname="DESKTOP-KEL28PC" failures="0" tests="1" name="tests.CreateNewProfileWithUpperCaseNameTest" time="10.538" errors="0" timestamp="2021-11-25T17:26:42 CET" skipped="0">
  <testcase classname="tests.CreateNewProfileWithUpperCaseNameTest" name="createNewProfileWithUpperCaseName" time="10.538"/>
  <system-out/>
</testsuite> <!-- tests.CreateNewProfileWithUpperCaseNameTest -->
