<?xml version="1.0" encoding="UTF-8"?>
<!-- Generated by org.testng.reporters.JUnitReportReporter -->
<testsuite hostname="DESKTOP-KEL28PC" failures="0" tests="1" name="tests.CreateNewProfileWithSpecialCharactersNameTest" time="10.017" errors="0" timestamp="2021-11-25T17:29:21 CET" skipped="0">
  <testcase classname="tests.CreateNewProfileWithSpecialCharactersNameTest" name="createNewProfileWithSpecialCharactersName" time="10.017"/>
  <system-out/>
</testsuite> <!-- tests.CreateNewProfileWithSpecialCharactersNameTest -->
